2024-12-01 19:54:36,343 - INFO - Request - Path: /customers/register, Method: POST, Body: {'fullname': 'Bassima', 'username': 'bassima', 'password': 'securepassword', 'age': 30, 'address': '123 Main St, Anytown, USA', 'gender': 'Female', 'marital_status': 'Married'}
2024-12-01 19:56:51,553 - INFO - Request - Path: /customers/register, Method: POST, Body: {'fullname': 'Bassima', 'username': 'bassima', 'password': 'securepassword', 'age': 30, 'address': '123 Main St, Anytown, USA', 'gender': 'Female', 'marital_status': 'Married'}
2024-12-01 19:56:51,589 - INFO - Response - Status: 400, Body: <Response 43 bytes [200 OK]>
2024-12-01 19:57:04,992 - INFO - Request - Path: /customers/register, Method: POST, Body: {'fullname': 'Bassima', 'username': 'bassima1', 'password': 'securepassword', 'age': 30, 'address': '123 Main St, Anytown, USA', 'gender': 'Female', 'marital_status': 'Married'}
2024-12-01 19:57:05,198 - INFO - Response - Status: 201, Body: <Response 537 bytes [200 OK]>
2024-12-01 19:59:09,045 - INFO - Request - Path: /customers/bassima1/update, Method: PUT, Body: {'fullname': 'Bassima', 'username': 'bassima1', 'password': 'securepassword', 'age': 40, 'address': '123 Main St, Anytown, USA', 'gender': 'Female', 'marital_status': 'Married'}
2024-12-01 19:59:09,123 - INFO - Response - Status: 200, Body: {'customer': {'address': 'gAAAAABnTKPtjfblYmpCZPufeU6FZd1rZZtohnYlnUJyAVDEb6wf7eIU5pWKU5md2uPFiict9F-lkB5cjGncxdAAmmeXtH1gJPEQf7ZxPuDU8JDbIf_gdlw=', 'age': 40, 'customer_id': '30674b15-27a5-47ba-a5f2-f8767bc91eaf', 'fullname': 'gAAAAABnTKPtZIzasuKzddqolMf0OVBGnwluC8ZN3nXUOZRoQIvUg17QGxb91ulicfEd_bFc8ehGfb3eO7rW_xXb55Auz_OYPA==', 'gender': 'Female', 'marital_status': 'Married', 'role': 'user', 'username': 'bassima1', 'wallet_balance': 0.0}, 'message': 'Customer information updated successfully'}
2024-12-01 20:10:26,658 - INFO - Request - Path: /inventory, Method: GET, Body: None
2024-12-01 20:10:26,689 - INFO - Response - Status: 200, Body: [{'category': 'tech', 'description': 'A high performance ipad', 'name': 'ipad', 'price': 1000.0, 'product_id': '4161f1c3-5d61-4409-b7ad-a719680aaed2', 'stock_count': 45}, {'category': 'tech', 'description': 'A high performance laptop', 'name': 'laptop', 'price': 1000.0, 'product_id': 'ad1a1a02-a0ec-4df8-8050-69cb949520e8', 'stock_count': 50}, {'category': 'tech', 'description': 'A high performance laptop', 'name': 'laptop', 'price': 1000.0, 'product_id': 'c0d7195b-a8c6-48d5-a68b-66cb1afca367', 'stock_count': 50}]
2024-12-01 20:10:32,360 - INFO - Request - Path: /customers/bassima1/update, Method: PUT, Body: {'fullname': 'Bassima', 'username': 'bassima1', 'password': 'securepassword', 'age': 40, 'address': '123 Main St, Anytown, USA', 'gender': 'Female', 'marital_status': 'Married'}
2024-12-01 20:10:32,431 - INFO - Response - Status: 200, Body: {'customer': {'address': 'gAAAAABnTKaYrhhgbEoZhQoUel61z0n1BraERLABqZp1FrQY84pmQndlFa6OROqJ5J-cTgYRBZqIaAOQUoguI2omrG_Yci_iP5Aa_sC7XJc5FZcQd4v4M-A=', 'age': 40, 'customer_id': '30674b15-27a5-47ba-a5f2-f8767bc91eaf', 'fullname': 'gAAAAABnTKaY3ty7n1j39-zhfVXpIEHctv8zmJKDMqbCkUIOsfFzJjXNvek-hlQO5RRgKbsz84DS4xrQU9RUTDxfOfGA8QxxpA==', 'gender': 'Female', 'marital_status': 'Married', 'role': 'user', 'username': 'bassima1', 'wallet_balance': 0.0}, 'message': 'Customer information updated successfully'}
2024-12-01 20:10:37,418 - INFO - Request - Path: /customers/register, Method: POST, Body: {'fullname': 'Bassima', 'username': 'bassima1', 'password': 'securepassword', 'age': 30, 'address': '123 Main St, Anytown, USA', 'gender': 'Female', 'marital_status': 'Married'}
2024-12-01 20:12:26,894 - INFO - Request - Path: /customers/register, Method: POST, Body: {'fullname': 'Bassima', 'username': 'bassima1', 'password': 'securepassword', 'age': 30, 'address': '123 Main St, Anytown, USA', 'gender': 'Female', 'marital_status': 'Married'}
2024-12-01 20:12:26,932 - INFO - Response - Status: 400, Body: <Response 43 bytes [200 OK]>
2024-12-01 20:12:31,445 - INFO - Request - Path: /customers/bassima1/update, Method: PUT, Body: {'fullname': 'Bassima', 'username': 'bassima1', 'password': 'securepassword', 'age': 40, 'address': '123 Main St, Anytown, USA', 'gender': 'Female', 'marital_status': 'Married'}
2024-12-01 20:12:31,496 - INFO - Response - Status: 200, Body: {'customer': {'address': 'gAAAAABnTKcPqZgXw5M1GE9JsFYPIGqJGVoVa_z_tilGN1K5SAHAXPve-7V-kTru8vZweekB4oPM1rngP0acLMUhny_RGrgeHOOX6BQ-V5BsltHFVowNpgM=', 'age': 40, 'customer_id': '30674b15-27a5-47ba-a5f2-f8767bc91eaf', 'fullname': 'gAAAAABnTKcPpDxCgIf0UqzP-Mm3N8tIUhHYPQlf60ShO16WM8qrr_WVENPwOoT9AMQ_DuEnG8hklRaDGA-HgjjZ8JXCSusz4A==', 'gender': 'Female', 'marital_status': 'Married', 'role': 'user', 'username': 'bassima1', 'wallet_balance': 0.0}, 'message': 'Customer information updated successfully'}
2024-12-01 20:15:33,758 - INFO - Request - Path: /customers/register, Method: POST, Body: {'fullname': 'Bassima', 'username': 'bassima1', 'password': 'securepassword', 'age': 30, 'address': '123 Main St, Anytown, USA', 'gender': 'Female', 'marital_status': 'Married'}
2024-12-01 20:16:01,955 - INFO - Request - Path: /customers/bassima1/delete, Method: DELETE, Body: None
2024-12-01 20:16:01,981 - INFO - Response - Status: 200, Body: {'message': 'Customer deleted successfully'}
2024-12-01 20:19:01,223 - INFO - Request - Path: /customers/register, Method: POST, Body: {'fullname': 'Bassima', 'username': 'bassima1', 'password': 'securepassword', 'age': 30, 'address': '123 Main St, Anytown, USA', 'gender': 'Female', 'marital_status': 'Married'}
2024-12-01 20:19:01,450 - INFO - Response - Status: 201, Body: <Response 537 bytes [200 OK]>
2024-12-01 20:19:11,813 - INFO - Request - Path: /customers/bassima1/update, Method: PUT, Body: {'fullname': 'Bassima', 'username': 'bassima1', 'password': 'securepassword', 'age': 40, 'address': '123 Main St, Anytown, USA', 'gender': 'Female', 'marital_status': 'Married'}
2024-12-01 20:19:11,852 - INFO - Response - Status: 200, Body: {'customer': {'address': 'gAAAAABnTKif-fKpEFw_9e2CJ-xkOtBhAU08bPQNzWyJYUcGG_IkXipXk72TSi2kKjgkXyV4tG2tQiBsvbOz_H8SdBeZta3-pW0t5kSVgFMYnwaWJIDWlmo=', 'age': 40, 'customer_id': '0d3d77ee-0008-41ae-9c54-bf5deb1d54db', 'fullname': 'gAAAAABnTKifl-w7oty1UvjtzFS1LeO8l-c_GyEjRFk-plcpA2RiTcqzh8cXl1PxAhx_f9CNwagyfH6QzpHshpXkb-wTKiOBdg==', 'gender': 'Female', 'marital_status': 'Married', 'role': 'user', 'username': 'bassima1', 'wallet_balance': 0.0}, 'message': 'Customer information updated successfully'}
2024-12-01 20:19:17,582 - INFO - Request - Path: /customers/bassima1/delete, Method: DELETE, Body: None
2024-12-01 20:19:17,606 - INFO - Response - Status: 200, Body: {'message': 'Customer deleted successfully'}
2024-12-01 20:20:33,539 - INFO - Request - Path: /customers, Method: GET, Body: None
2024-12-01 20:20:33,573 - INFO - Response - Status: 200, Body: [{'address': '123 Main St, Anytown, USA', 'age': 30, 'customer_id': 'c2b34e52-3484-4124-b835-3d1918a8b8a1', 'fullname': 'John Doe', 'gender': 'Male', 'marital_status': 'Single', 'role': 'user', 'username': 'johndoe1234', 'wallet_balance': 0.0}, {'address': 'beirut', 'age': 20, 'customer_id': 'c65be121-457e-46d2-a723-aaf803755162', 'fullname': 'nour', 'gender': 'female', 'marital_status': 'single', 'role': 'user', 'username': 'nourhane', 'wallet_balance': 0.0}, {'address': '123 Main St, Anytown, USA', 'age': 30, 'customer_id': '552e0c18-7c54-498b-ad35-14bc7de0bf36', 'fullname': 'Bassima', 'gender': 'Female', 'marital_status': 'Married', 'role': 'user', 'username': 'bassima', 'wallet_balance': 0.0}]
2024-12-01 20:21:01,743 - INFO - Request - Path: /customers/bassima1, Method: GET, Body: None
2024-12-01 20:21:01,753 - INFO - Response - Status: 404, Body: <Response 39 bytes [200 OK]>
2024-12-01 20:21:06,227 - INFO - Request - Path: /customers/bassima, Method: GET, Body: None
2024-12-01 20:21:06,236 - INFO - Response - Status: 200, Body: {'address': '123 Main St, Anytown, USA', 'age': 30, 'fullname': 'Bassima', 'gender': 'Female', 'marital_status': 'Married', 'username': 'bassima', 'wallet_balance': 0.0}
2024-12-01 20:21:55,382 - INFO - Request - Path: /customers/bassima/charge, Method: POST, Body: {'amount': 100}
2024-12-01 20:21:55,407 - INFO - Response - Status: 200, Body: {'message': 'Account charged successfully', 'wallet_balance': 100.0}
2024-12-01 20:22:11,517 - INFO - Request - Path: /customers/bassima/deduct, Method: POST, Body: {'amount': 100}
2024-12-01 20:22:11,543 - INFO - Response - Status: 200, Body: {'message': 'Amount deducted successfully', 'wallet_balance': 0.0}
2024-12-01 20:24:17,452 - INFO - Request - Path: /inventory, Method: GET, Body: None
2024-12-01 20:24:17,484 - INFO - Response - Status: 200, Body: [{'category': 'tech', 'description': 'A high performance ipad', 'name': 'ipad', 'price': 1000.0, 'product_id': '4161f1c3-5d61-4409-b7ad-a719680aaed2', 'stock_count': 45}, {'category': 'tech', 'description': 'A high performance laptop', 'name': 'laptop', 'price': 1000.0, 'product_id': 'ad1a1a02-a0ec-4df8-8050-69cb949520e8', 'stock_count': 50}, {'category': 'tech', 'description': 'A high performance laptop', 'name': 'laptop', 'price': 1000.0, 'product_id': 'c0d7195b-a8c6-48d5-a68b-66cb1afca367', 'stock_count': 50}]
2024-12-01 20:24:27,748 - INFO - Request - Path: /inventory/laptop, Method: GET, Body: None
2024-12-01 20:24:27,767 - INFO - Response - Status: 200, Body: {'category': 'tech', 'description': 'A high performance laptop', 'name': 'laptop', 'price': 1000.0, 'product_id': 'ad1a1a02-a0ec-4df8-8050-69cb949520e8', 'stock_count': 50}
2024-12-01 20:25:19,757 - INFO - Request - Path: /customers/bassima1/update, Method: PUT, Body: {'fullname': 'Bassima', 'username': 'bassima', 'password': 'securepassword', 'age': 40, 'address': '123 Main St, Anytown, USA', 'gender': 'Female', 'marital_status': 'Married', 'role': 'admin'}
2024-12-01 20:25:19,767 - INFO - Response - Status: 404, Body: <Response 39 bytes [200 OK]>
2024-12-01 20:32:22,981 - INFO - Request - Path: /inventory/add, Method: POST, Body: {'name': 'ipad', 'category': 'tech', 'price': 650, 'description': 'A high performance laptop', 'stock_count': 50}
